[debug] [2025-05-21T14:15:14.479Z] ----------------------------------------------------------------------
[debug] [2025-05-21T14:15:14.483Z] Command:       C:\Program Files\nodejs\node.exe C:\Users\Laptop\AppData\Roaming\npm\node_modules\firebase-tools\lib\bin\firebase.js login
[debug] [2025-05-21T14:15:14.484Z] CLI Version:   14.4.0
[debug] [2025-05-21T14:15:14.484Z] Platform:      win32
[debug] [2025-05-21T14:15:14.484Z] Node Version:  v22.14.0
[debug] [2025-05-21T14:15:14.485Z] Time:          Wed May 21 2025 19:15:14 GMT+0500 (Pakistan Standard Time)
[debug] [2025-05-21T14:15:14.485Z] ----------------------------------------------------------------------
[debug] 
[debug] [2025-05-21T14:15:14.487Z] >>> [apiv2][query] GET https://firebase-public.firebaseio.com/cli.json [none]
[info] i  Firebase optionally collects CLI and Emulator Suite usage and error reporting information to help improve our products. Data is collected in accordance with Google's privacy policy (https://policies.google.com/privacy) and is not used to identify you.
 
[debug] [2025-05-21T14:15:15.118Z] <<< [apiv2][status] GET https://firebase-public.firebaseio.com/cli.json 200
[debug] [2025-05-21T14:15:15.119Z] <<< [apiv2][body] GET https://firebase-public.firebaseio.com/cli.json {"cloudBuildErrorAfter":1594252800000,"cloudBuildWarnAfter":1590019200000,"defaultNode10After":1594252800000,"minVersion":"3.0.5","node8DeploysDisabledAfter":1613390400000,"node8RuntimeDisabledAfter":1615809600000,"node8WarnAfter":1600128000000}
[info] i  To change your data collection preference at any time, run `firebase logout` and log in again. 
[info] 
[info] Visit this URL on this device to log in:
[info] https://accounts.google.com/o/oauth2/auth?client_id=563584335869-fgrhgmd47bqnekij5i8b5pr03ho849e6.apps.googleusercontent.com&scope=email%20openid%20https%3A%2F%2Fwww.googleapis.com%2Fauth%2Fcloudplatformprojects.readonly%20https%3A%2F%2Fwww.googleapis.com%2Fauth%2Ffirebase%20https%3A%2F%2Fwww.googleapis.com%2Fauth%2Fcloud-platform&response_type=code&state=409208429&redirect_uri=http%3A%2F%2Flocalhost%3A9005
[info] 
[info] Waiting for authentication...
[debug] [2025-05-21T14:15:20.420Z] Unable to open URL: Error: spawn UNKNOWN
    at ChildProcess.spawn (node:internal/child_process:420:11)
    at Object.spawn (node:child_process:753:9)
    at module.exports (C:\Users\Laptop\AppData\Roaming\npm\node_modules\firebase-tools\node_modules\open\index.js:114:34)
    at open (C:\Users\Laptop\AppData\Roaming\npm\node_modules\firebase-tools\lib\auth.js:156:5)
    at Server.<anonymous> (C:\Users\Laptop\AppData\Roaming\npm\node_modules\firebase-tools\lib\auth.js:388:13)
    at Object.onceWrapper (node:events:632:28)
    at Server.emit (node:events:530:35)
    at Server.emit (node:domain:489:12)
    at emitListeningNT (node:net:1980:10)
    at process.processTicksAndRejections (node:internal/process/task_queues:89:21)
[debug] [2025-05-21T14:16:10.093Z] ----------------------------------------------------------------------
[debug] [2025-05-21T14:16:10.097Z] Command:       C:\Program Files\nodejs\node.exe C:\Users\Laptop\AppData\Roaming\npm\node_modules\firebase-tools\lib\bin\firebase.js login
[debug] [2025-05-21T14:16:10.097Z] CLI Version:   14.4.0
[debug] [2025-05-21T14:16:10.097Z] Platform:      win32
[debug] [2025-05-21T14:16:10.097Z] Node Version:  v22.14.0
[debug] [2025-05-21T14:16:10.098Z] Time:          Wed May 21 2025 19:16:10 GMT+0500 (Pakistan Standard Time)
[debug] [2025-05-21T14:16:10.098Z] ----------------------------------------------------------------------
[debug] 
[info] i  Firebase optionally collects CLI and Emulator Suite usage and error reporting information to help improve our products. Data is collected in accordance with Google's privacy policy (https://policies.google.com/privacy) and is not used to identify you.
 
[info] i  To change your data collection preference at any time, run `firebase logout` and log in again. 
[info] 
[info] Visit this URL on this device to log in:
[info] https://accounts.google.com/o/oauth2/auth?client_id=563584335869-fgrhgmd47bqnekij5i8b5pr03ho849e6.apps.googleusercontent.com&scope=email%20openid%20https%3A%2F%2Fwww.googleapis.com%2Fauth%2Fcloudplatformprojects.readonly%20https%3A%2F%2Fwww.googleapis.com%2Fauth%2Ffirebase%20https%3A%2F%2Fwww.googleapis.com%2Fauth%2Fcloud-platform&response_type=code&state=83482283&redirect_uri=http%3A%2F%2Flocalhost%3A9005
[info] 
[info] Waiting for authentication...
[debug] [2025-05-21T14:16:15.840Z] Unable to open URL: Error: spawn UNKNOWN
    at ChildProcess.spawn (node:internal/child_process:420:11)
    at Object.spawn (node:child_process:753:9)
    at module.exports (C:\Users\Laptop\AppData\Roaming\npm\node_modules\firebase-tools\node_modules\open\index.js:114:34)
    at open (C:\Users\Laptop\AppData\Roaming\npm\node_modules\firebase-tools\lib\auth.js:156:5)
    at Server.<anonymous> (C:\Users\Laptop\AppData\Roaming\npm\node_modules\firebase-tools\lib\auth.js:388:13)
    at Object.onceWrapper (node:events:632:28)
    at Server.emit (node:events:530:35)
    at Server.emit (node:domain:489:12)
    at emitListeningNT (node:net:1980:10)
    at process.processTicksAndRejections (node:internal/process/task_queues:89:21)
